<?xml version="1.0" encoding="UTF-8"?>
<!-- Generated by org.testng.reporters.JUnitXMLReporter -->
<testsuite ignored="0" hostname="LAPTOP-VTO18SLS" failures="0" tests="4" name="Test" time="19.477" errors="0" timestamp="2024-02-25T13:33:32 IST">
  <testcase classname="com.inetbanking.testcases.newcustomer" name="login" time="2.035"/>
  <testcase classname="com.inetbanking.testcases.newcustomer" name="clickcust" time="1.155"/>
  <testcase classname="com.inetbanking.testcases.newcustomer" name="entercustdetails" time="2.58"/>
  <testcase classname="com.inetbanking.testcases.newcustomer" name="logout" time="3.28"/>
</testsuite> <!-- Test -->
