<?xml version="1.0" encoding="UTF-8"?>
<testng-results ignored="0" total="2" passed="2" failed="0" skipped="0">
  <reporter-output>
  </reporter-output>
  <suite started-at="2024-02-12T14:05:19 IST" name="Suite" finished-at="2024-02-12T14:05:51 IST" duration-ms="31829">
    <groups>
    </groups>
    <test started-at="2024-02-12T14:05:19 IST" name="Test" finished-at="2024-02-12T14:05:51 IST" duration-ms="31829">
      <class name="com.inetbanking.testcases.logintest1">
        <test-method is-config="true" signature="setup(java.lang.String)[pri:0, instance:com.inetbanking.testcases.logintest1@379614be]" started-at="2024-02-12T14:05:19 IST" name="setup" finished-at="2024-02-12T14:05:46 IST" duration-ms="26845" status="PASS">
          <params>
            <param index="0">
              <value>
                <![CDATA[chrome]]>
              </value>
            </param>
          </params>
          <reporter-output>
          </reporter-output>
        </test-method> <!-- setup -->
        <test-method signature="logintc()[pri:0, instance:com.inetbanking.testcases.logintest1@379614be]" started-at="2024-02-12T14:05:46 IST" name="logintc" finished-at="2024-02-12T14:05:48 IST" duration-ms="2100" status="PASS">
          <reporter-output>
          </reporter-output>
        </test-method> <!-- logintc -->
        <test-method signature="logouttc()[pri:2, instance:com.inetbanking.testcases.logintest1@379614be]" started-at="2024-02-12T14:05:48 IST" name="logouttc" finished-at="2024-02-12T14:05:51 IST" duration-ms="2354" status="PASS">
          <reporter-output>
          </reporter-output>
        </test-method> <!-- logouttc -->
        <test-method is-config="true" signature="teardown()[pri:0, instance:com.inetbanking.testcases.logintest1@379614be]" started-at="2024-02-12T14:05:51 IST" name="teardown" finished-at="2024-02-12T14:05:51 IST" duration-ms="232" status="PASS">
          <reporter-output>
          </reporter-output>
        </test-method> <!-- teardown -->
      </class> <!-- com.inetbanking.testcases.logintest1 -->
    </test> <!-- Test -->
  </suite> <!-- Suite -->
</testng-results>
