<?xml version="1.0" encoding="UTF-8"?>
<testng-results ignored="0" total="4" passed="4" failed="0" skipped="0">
  <reporter-output>
  </reporter-output>
  <suite started-at="2024-02-25T13:33:11 IST" name="Suite" finished-at="2024-02-25T13:33:30 IST" duration-ms="19477">
    <groups>
    </groups>
    <test started-at="2024-02-25T13:33:11 IST" name="Test" finished-at="2024-02-25T13:33:30 IST" duration-ms="19477">
      <class name="com.inetbanking.testcases.newcustomer">
        <test-method is-config="true" signature="setup(java.lang.String)[pri:0, instance:com.inetbanking.testcases.newcustomer@6986852]" started-at="2024-02-25T13:33:11 IST" name="setup" finished-at="2024-02-25T13:33:21 IST" duration-ms="9624" status="PASS">
          <params>
            <param index="0">
              <value>
                <![CDATA[chrome]]>
              </value>
            </param>
          </params>
          <reporter-output>
          </reporter-output>
        </test-method> <!-- setup -->
        <test-method signature="login()[pri:1, instance:com.inetbanking.testcases.newcustomer@6986852]" started-at="2024-02-25T13:33:21 IST" name="login" finished-at="2024-02-25T13:33:23 IST" duration-ms="2035" status="PASS">
          <reporter-output>
          </reporter-output>
        </test-method> <!-- login -->
        <test-method signature="clickcust()[pri:2, instance:com.inetbanking.testcases.newcustomer@6986852]" started-at="2024-02-25T13:33:23 IST" name="clickcust" finished-at="2024-02-25T13:33:24 IST" duration-ms="1155" status="PASS">
          <reporter-output>
          </reporter-output>
        </test-method> <!-- clickcust -->
        <test-method signature="entercustdetails()[pri:3, instance:com.inetbanking.testcases.newcustomer@6986852]" started-at="2024-02-25T13:33:24 IST" name="entercustdetails" finished-at="2024-02-25T13:33:27 IST" duration-ms="2580" status="PASS">
          <reporter-output>
          </reporter-output>
        </test-method> <!-- entercustdetails -->
        <test-method signature="logout()[pri:3, instance:com.inetbanking.testcases.newcustomer@6986852]" started-at="2024-02-25T13:33:27 IST" name="logout" finished-at="2024-02-25T13:33:30 IST" duration-ms="3280" status="PASS">
          <reporter-output>
          </reporter-output>
        </test-method> <!-- logout -->
        <test-method is-config="true" signature="teardown()[pri:0, instance:com.inetbanking.testcases.newcustomer@6986852]" started-at="2024-02-25T13:33:30 IST" name="teardown" finished-at="2024-02-25T13:33:30 IST" duration-ms="430" status="PASS">
          <reporter-output>
          </reporter-output>
        </test-method> <!-- teardown -->
      </class> <!-- com.inetbanking.testcases.newcustomer -->
    </test> <!-- Test -->
  </suite> <!-- Suite -->
</testng-results>
